[2025-12-19 21:50:09] 
================================================================================
[2025-12-19 21:50:09] Starting experiments on finance dataset
[2025-12-19 21:50:09] Data shape: (4000, 25, 1), Max lag: 1
[2025-12-19 21:50:09] ================================================================================

[2025-12-19 21:50:09] 
Running PCMCI...
[2025-12-19 21:54:25] 
================================================================================
[2025-12-19 21:54:25] Starting experiments on finance dataset
[2025-12-19 21:54:25] Data shape: (3999, 25, 1), Max lag: 1
[2025-12-19 21:54:25] ================================================================================

[2025-12-19 21:54:25] 
Running PCMCI...
[2025-12-19 21:56:28] 
================================================================================
[2025-12-19 21:56:28] Starting experiments on finance dataset
[2025-12-19 21:56:28] Data shape: (4000, 25, 1), Max lag: 1
[2025-12-19 21:56:28] ================================================================================

[2025-12-19 21:56:28] 
Running PCMCI...
[2025-12-19 21:58:55] 
================================================================================
[2025-12-19 21:58:55] Starting experiments on finance dataset
[2025-12-19 21:58:55] Data shape: (4000, 25), Max lag: 1
[2025-12-19 21:58:55] ================================================================================

[2025-12-19 21:58:55] 
Running PCMCI...
[2025-12-19 21:59:17] PCMCI completed in 21.37 seconds
[2025-12-19 21:59:17] 
============================================================
Algorithm: PCMCI
TPR: 1.000 | FDR: 0.977 | SHD: 856
Precision: 0.023 | Recall: 1.000 | F1: 0.045
True Positives: 20 | False Positives: 856
False Negatives: 0 | True Negatives: 374
Predicted Edges: 876 | True Edges: 20
============================================================

[2025-12-19 21:59:17] 
Running PCMCI+...
